Arguments: 
  C:\Program Files\nodejs\node.exe C:\Users\haile\AppData\Roaming\npm\node_modules\yarn\bin\yarn.js add bcryptjs jsonwebtoken

PATH: 
  C:\Users\haile\AppData\Local\cloud-code\installer\google-cloud-sdk\bin;C:\Windows\system32;C:\Windows;C:\Windows\System32\Wbem;C:\Windows\System32\WindowsPowerShell\v1.0\;C:\Windows\System32\OpenSSH\;C:\Users\haile\AppData\Roaming\nvm;C:\Program Files\nodejs;C:\Program Files\Git\cmd;C:\Users\haile\AppData\Local\Programs\Python\Python310\Scripts\;C:\Users\haile\AppData\Local\Programs\Python\Python310\;C:\Users\haile\AppData\Local\Microsoft\WindowsApps;C:\Users\haile\AppData\Roaming\npm;C:\Users\haile\AppData\Local\Programs\Microsoft VS Code\bin;C:\Program Files\MongoDB\Server\7.0\bin;C:\Users\haile\AppData\Roaming\nvm;C:\Program Files\nodejs

Yarn version: 
  1.22.19

Node version: 
  18.18.2

Platform: 
  win32 x64

Trace: 
  Error: connect ETIMEDOUT 104.16.28.34:443
      at TCPConnectWrap.afterConnect [as oncomplete] (node:net:1555:16)

npm manifest: 
  {
    "name": "backend",
    "version": "1.0.0",
    "description": "",
    "main": "./src/index.ts",
    "scripts": {
      "dev": "nodemon"
    },
    "author": "dave",
    "license": "ISC",
    "dependencies": {
      "cors": "^2.8.5",
      "dotenv": "^16.4.1",
      "express": "^4.18.2",
      "mongodb": "^6.3.0",
      "mongoose": "^8.1.1"
    },
    "devDependencies": {
      "@types/cors": "^2.8.17",
      "@types/express": "^4.17.21",
      "@types/node": "^20.11.10",
      "nodemon": "^3.0.3",
      "ts-node": "^10.9.2",
      "typescript": "^5.3.3"
    }
  }

yarn manifest: 
  No manifest

Lockfile: 
  No lockfile
